Tue Nov 11 10:31:59 +0900 2008	GET	about:blank	KDDI-ST34 UP.Browser/6.2.0.13.2 (GUI) MMP/2.0	010000000000
Tue Nov 11 10:32:29 +0900 2008	GET	about:blank	KDDI-ST34 UP.Browser/6.2.0.13.2 (GUI) MMP/2.0	010000000000
Tue Nov 11 10:32:39 +0900 2008	GET	about:blank	KDDI-ST34 UP.Browser/6.2.0.13.2 (GUI) MMP/2.0	010000000000
Tue Nov 11 10:32:46 +0900 2008	GET	about:blank	KDDI-ST34 UP.Browser/6.2.0.13.2 (GUI) MMP/2.0	010000000000
Tue Nov 11 10:34:38 +0900 2008	GET	about:blank	KDDI-ST34 UP.Browser/6.2.0.13.2 (GUI) MMP/2.0	010000000000
Tue Nov 11 10:34:43 +0900 2008	GET	about:blank	KDDI-ST34 UP.Browser/6.2.0.13.2 (GUI) MMP/2.0	010000000000
Tue Nov 11 10:34:49 +0900 2008	GET	https://ssl.ra9.jp/area/1/jobs/apply/7	KDDI-ST34 UP.Browser/6.2.0.13.2 (GUI) MMP/2.0	010000000000
Tue Nov 11 10:34:51 +0900 2008	GET	https://ssl.ra9.jp/area/1/jobs/none?_session_id=2f22141adba6c47feca745a7aa0a0c87	KDDI-ST34 UP.Browser/6.2.0.13.2 (GUI) MMP/2.0	010000000000
Tue Nov 11 10:34:54 +0900 2008	GET		KDDI-ST34 UP.Browser/6.2.0.13.2 (GUI) MMP/2.0	010000000000
Tue Nov 11 11:00:35 +0900 2008	GET	https://ssl.ra9.jp/area/1/jobs/none?_session_id=2f22141adba6c47feca745a7aa0a0c87	KDDI-ST34 UP.Browser/6.2.0.13.2 (GUI) MMP/2.0	010000000000
Tue Nov 11 11:01:35 +0900 2008	GET	https://ssl.ra9.jp/area/1/jobs/none?_session_id=2f22141adba6c47feca745a7aa0a0c87	KDDI-ST34 UP.Browser/6.2.0.13.2 (GUI) MMP/2.0	010000000000
Tue Nov 11 11:07:11 +0900 2008	GET	https://ssl.ra9.jp/area/1/jobs/none?_session_id=2f22141adba6c47feca745a7aa0a0c87	KDDI-ST34 UP.Browser/6.2.0.13.2 (GUI) MMP/2.0	010000000000
Tue Nov 11 11:07:13 +0900 2008	GET	https://ssl.ra9.jp/	KDDI-ST34 UP.Browser/6.2.0.13.2 (GUI) MMP/2.0	010000000000
Tue Nov 11 11:07:21 +0900 2008	GET	https://ssl.ra9.jp/area/1/jobs/none?_session_id=2f22141adba6c47feca745a7aa0a0c87	KDDI-ST34 UP.Browser/6.2.0.13.2 (GUI) MMP/2.0	010000000000
Tue Nov 11 11:07:26 +0900 2008	GET	https://ssl.ra9.jp/area/1/jobs/	KDDI-ST34 UP.Browser/6.2.0.13.2 (GUI) MMP/2.0	010000000000
Tue Nov 11 11:07:34 +0900 2008	GET	https://ssl.ra9.jp/area/1/	KDDI-ST34 UP.Browser/6.2.0.13.2 (GUI) MMP/2.0	010000000000
Tue Nov 11 11:07:49 +0900 2008	GET	https://ssl.ra9.jp/area/	KDDI-ST34 UP.Browser/6.2.0.13.2 (GUI) MMP/2.0	010000000000
Tue Nov 11 11:08:04 +0900 2008	GET	http://ar.ra9.jp/	KDDI-ST34 UP.Browser/6.2.0.13.2 (GUI) MMP/2.0	010000000000
Tue Nov 11 11:08:05 +0900 2008	GET	http://ar.ra9.jp/images/common/logo.gif	KDDI-ST34 UP.Browser/6.2.0.13.2 (GUI) MMP/2.0	010000000000
Tue Nov 11 11:08:08 +0900 2008	GET	http://ar.ra9.jp/area/	KDDI-ST34 UP.Browser/6.2.0.13.2 (GUI) MMP/2.0	010000000000
Tue Nov 11 11:08:08 +0900 2008	GET	http://ar.ra9.jp/area/common/spacer.gif?1226316405	KDDI-ST34 UP.Browser/6.2.0.13.2 (GUI) MMP/2.0	010000000000
Tue Nov 11 11:08:08 +0900 2008	GET	http://ar.ra9.jp/area/common/ar_logo.gif?1226316405	KDDI-ST34 UP.Browser/6.2.0.13.2 (GUI) MMP/2.0	010000000000
Tue Nov 11 11:08:08 +0900 2008	GET	http://ar.ra9.jp/area/common/gift.jpg?1226316405	KDDI-ST34 UP.Browser/6.2.0.13.2 (GUI) MMP/2.0	010000000000
Tue Nov 11 11:08:21 +0900 2008	GET	http://ar.ra9.jp/area/	DoCoMo/2.0 SH905i(c100;TB;ser000000000000000;icc000000000000000)	010000000000
Tue Nov 11 11:08:21 +0900 2008	GET	http://ar.ra9.jp/area/common/spacer.gif?1226316405	DoCoMo/2.0 SH905i(c100;TB;ser000000000000000;icc000000000000000)	010000000000
Tue Nov 11 11:08:21 +0900 2008	GET	http://ar.ra9.jp/area/common/ar_logo.gif?1226316405	DoCoMo/2.0 SH905i(c100;TB;ser000000000000000;icc000000000000000)	010000000000
Tue Nov 11 11:08:21 +0900 2008	GET	http://ar.ra9.jp/area/common/gift.jpg?1226316405	DoCoMo/2.0 SH905i(c100;TB;ser000000000000000;icc000000000000000)	010000000000
Tue Nov 11 11:08:30 +0900 2008	GET	http://ar.ra9.jp/area/	DoCoMo/2.0 SH901iC(c100;TB;ser000000000000000;icc000000000000000)	010000000000
Tue Nov 11 11:08:30 +0900 2008	GET	http://ar.ra9.jp/area/common/spacer.gif?1226316405	DoCoMo/2.0 SH901iC(c100;TB;ser000000000000000;icc000000000000000)	010000000000
Tue Nov 11 11:08:30 +0900 2008	GET	http://ar.ra9.jp/area/common/ar_logo.gif?1226316405	DoCoMo/2.0 SH901iC(c100;TB;ser000000000000000;icc000000000000000)	010000000000
Tue Nov 11 11:08:30 +0900 2008	GET	http://ar.ra9.jp/area/common/gift.jpg?1226316405	DoCoMo/2.0 SH901iC(c100;TB;ser000000000000000;icc000000000000000)	010000000000
Tue Nov 11 11:08:38 +0900 2008	GET	http://ar.ra9.jp/area/select?type=area&_session_id=c8c093b3bca4b932e3f1b17ca1d362e4	DoCoMo/2.0 SH901iC(c100;TB;ser000000000000000;icc000000000000000)	010000000000
Tue Nov 11 11:08:39 +0900 2008	GET	http://ar.ra9.jp/area/1/jobs/top?type=area&_session_id=c8c093b3bca4b932e3f1b17ca1d362e4	DoCoMo/2.0 SH901iC(c100;TB;ser000000000000000;icc000000000000000)	010000000000
Tue Nov 11 11:08:40 +0900 2008	GET	http://ar.ra9.jp/area/common/spacer.gif?1226316405	DoCoMo/2.0 SH901iC(c100;TB;ser000000000000000;icc000000000000000)	010000000000
Tue Nov 11 11:10:21 +0900 2008	GET	http://ar.ra9.jp/area/1/jobs/top?type=area&_session_id=c8c093b3bca4b932e3f1b17ca1d362e4	DoCoMo/1.0/D505i	010000000000
Tue Nov 11 11:10:22 +0900 2008	GET	http://ar.ra9.jp/area/common/spacer.gif?1226316405	DoCoMo/1.0/D505i	010000000000
Tue Nov 11 11:11:30 +0900 2008	GET	https://ssl.ra9.jp/area/1/jobs/top	DoCoMo/1.0/D505i	010000000000
Tue Nov 11 11:11:30 +0900 2008	GET	https://ssl.ra9.jp/area/common/spacer.gif?1226316405	DoCoMo/1.0/D505i	010000000000
Tue Nov 11 11:11:33 +0900 2008	GET	https://ssl.ra9.jp/area/1/jobs/	DoCoMo/1.0/D505i	010000000000
Tue Nov 11 11:11:37 +0900 2008	GET	https://ssl.ra9.jp/area/	DoCoMo/1.0/D505i	010000000000
Tue Nov 11 11:11:49 +0900 2008	GET	https://ssl.ra9.jp/area/index	DoCoMo/1.0/D505i	010000000000
Tue Nov 11 11:11:57 +0900 2008	GET	https://ar.ra9.jp/area/	DoCoMo/1.0/D505i	010000000000
Tue Nov 11 11:12:05 +0900 2008	GET	http://ar.ra9.jp/area/	DoCoMo/1.0/D505i	010000000000
Tue Nov 11 11:12:05 +0900 2008	GET	http://ar.ra9.jp/area/common/spacer.gif?1226316405	DoCoMo/1.0/D505i	010000000000
Tue Nov 11 11:12:05 +0900 2008	GET	http://ar.ra9.jp/area/common/ar_logo.gif?1226316405	DoCoMo/1.0/D505i	010000000000
Tue Nov 11 11:12:05 +0900 2008	GET	http://ar.ra9.jp/area/common/gift.jpg?1226316405	DoCoMo/1.0/D505i	010000000000
Tue Nov 11 11:12:13 +0900 2008	GET	https://ssl.ra9.jp/area/	DoCoMo/1.0/D505i	010000000000
Tue Nov 11 11:12:43 +0900 2008	GET	https://ssl.ra9.jp/area/1/jobs/top	DoCoMo/1.0/D505i	010000000000
Tue Nov 11 11:12:43 +0900 2008	GET	https://ssl.ra9.jp/area/common/spacer.gif?1226316405	DoCoMo/1.0/D505i	010000000000
Tue Nov 11 11:12:47 +0900 2008	GET	https://ssl.ra9.jp/area/select?type=top&_session_id=0e5521ca93c61575144587e5c3c30b2c	DoCoMo/1.0/D505i	010000000000
Tue Nov 11 11:13:55 +0900 2008	GET	https://ssl.ra9.jp/area/select?type=top&_session_id=0e5521ca93c61575144587e5c3c30b2c	DoCoMo/1.0/D505i	010000000000
Tue Nov 11 11:19:02 +0900 2008	GET	http://localhost:5000/	DoCoMo/1.0/D505i	010000000000
Tue Nov 11 11:19:09 +0900 2008	GET	http://localhost:5000/area	DoCoMo/1.0/D505i	010000000000
Tue Nov 11 11:19:27 +0900 2008	GET	http://localhost:5000/area	KDDI-SN3B UP.Browser/6.2.0.13.1.5 (GUI) MMP/2.0	010000000000
Tue Nov 11 11:19:54 +0900 2008	GET	http://localhost:5000/area	DoCoMo/2.0 SH901iC(c100;TB;ser000000000000000;icc000000000000000)	010000000000
Tue Nov 11 11:20:31 +0900 2008	GET	http://localhost:5000/area	DoCoMo/2.0 SH901iC(c100;TB;ser000000000000000;icc000000000000000)	010000000000
Tue Nov 11 11:20:50 +0900 2008	GET	http://localhost:5000/area/common/spacer.gif	DoCoMo/2.0 SH901iC(c100;TB;ser000000000000000;icc000000000000000)	010000000000
Tue Nov 11 11:20:53 +0900 2008	GET	http://localhost:5000/area/common/spacer.gif	DoCoMo/2.0 SH901iC(c100;TB;ser000000000000000;icc000000000000000)	010000000000
Tue Nov 11 11:21:00 +0900 2008	GET	http://localhost:5000/area	DoCoMo/2.0 SH901iC(c100;TB;ser000000000000000;icc000000000000000)	010000000000
Tue Nov 11 11:21:12 +0900 2008	GET	http://localhost:5000/area	DoCoMo/2.0 SH901iC(c100;TB;ser000000000000000;icc000000000000000)	010000000000
Tue Nov 11 11:21:18 +0900 2008	GET	http://localhost:5000/area	DoCoMo/2.0 SH901iC(c100;TB;ser000000000000000;icc000000000000000)	010000000000
Tue Nov 11 11:21:33 +0900 2008	GET	http://localhost:5000/area	DoCoMo/2.0 SH901iC(c100;TB;ser000000000000000;icc000000000000000)	010000000000
Tue Nov 11 11:22:12 +0900 2008	GET	http://localhost:5000/area	DoCoMo/2.0 SH901iC(c100;TB;ser000000000000000;icc000000000000000)	010000000000
Tue Nov 11 11:22:26 +0900 2008	GET	http://localhost:5000/area	DoCoMo/2.0 SH901iC(c100;TB;ser000000000000000;icc000000000000000)	010000000000
Tue Nov 11 11:22:39 +0900 2008	GET	http://localhost:5000/area	DoCoMo/2.0 SH901iC(c100;TB;ser000000000000000;icc000000000000000)	010000000000
Tue Nov 11 11:22:39 +0900 2008	GET	http://localhost:5000/area/common/spacer.gif?1226315395	DoCoMo/2.0 SH901iC(c100;TB;ser000000000000000;icc000000000000000)	010000000000
Tue Nov 11 11:22:39 +0900 2008	GET	http://localhost:5000/area/common/ar_logo.gif?1226315395	DoCoMo/2.0 SH901iC(c100;TB;ser000000000000000;icc000000000000000)	010000000000
Tue Nov 11 11:22:39 +0900 2008	GET	http://localhost:5000/area/common/gift.jpg?1226315922	DoCoMo/2.0 SH901iC(c100;TB;ser000000000000000;icc000000000000000)	010000000000
Tue Nov 11 11:22:48 +0900 2008	GET	http://localhost:5000/area	DoCoMo/2.0 SH901iC(c100;TB;ser000000000000000;icc000000000000000)	010000000000
Tue Nov 11 11:22:48 +0900 2008	GET	http://localhost:5000/area/common/spacer.gif?1226315395	DoCoMo/2.0 SH901iC(c100;TB;ser000000000000000;icc000000000000000)	010000000000
Tue Nov 11 11:22:48 +0900 2008	GET	http://localhost:5000/area/common/ar_logo.gif?1226315395	DoCoMo/2.0 SH901iC(c100;TB;ser000000000000000;icc000000000000000)	010000000000
Tue Nov 11 11:22:48 +0900 2008	GET	http://localhost:5000/area/common/gift.jpg?1226315922	DoCoMo/2.0 SH901iC(c100;TB;ser000000000000000;icc000000000000000)	010000000000
Tue Nov 11 11:22:53 +0900 2008	GET	http://localhost:5000/area/1/top?_session_id=435e369cd804d1f8ab21659250b23ea1	DoCoMo/2.0 SH901iC(c100;TB;ser000000000000000;icc000000000000000)	010000000000
Tue Nov 11 11:22:54 +0900 2008	GET	http://localhost:5000/area/common/spacer.gif?1226315395	DoCoMo/2.0 SH901iC(c100;TB;ser000000000000000;icc000000000000000)	010000000000
Tue Nov 11 11:22:54 +0900 2008	GET	http://localhost:5000/area/common/ar_logo.gif	DoCoMo/2.0 SH901iC(c100;TB;ser000000000000000;icc000000000000000)	010000000000
Tue Nov 11 11:22:54 +0900 2008	GET	http://localhost:5000/area/common/gift.jpg?1226315922	DoCoMo/2.0 SH901iC(c100;TB;ser000000000000000;icc000000000000000)	010000000000
Tue Nov 11 11:22:56 +0900 2008	GET	http://localhost:5000/area/1/jobs/top?_session_id=435e369cd804d1f8ab21659250b23ea1	DoCoMo/2.0 SH901iC(c100;TB;ser000000000000000;icc000000000000000)	010000000000
Tue Nov 11 11:22:56 +0900 2008	GET	http://localhost:5000/area/common/spacer.gif?1226315395	DoCoMo/2.0 SH901iC(c100;TB;ser000000000000000;icc000000000000000)	010000000000
